{
  "stats": {
    "suites": 1,
    "tests": 7,
    "passes": 7,
    "pending": 0,
    "failures": 0,
    "start": "2020-10-30T10:31:20.332Z",
    "end": "2020-10-30T10:31:43.095Z",
    "duration": 22763,
    "testsRegistered": 7,
    "passPercent": 100,
    "pendingPercent": 0,
    "other": 0,
    "hasOther": false,
    "skipped": 0,
    "hasSkipped": false
  },
  "results": [
    {
      "uuid": "7047a14a-ce0d-46bc-b151-ccb1c35d7dc5",
      "title": "",
      "fullFile": "cypress/integration/testsuite.spec.js",
      "file": "cypress/integration/testsuite.spec.js",
      "beforeHooks": [],
      "afterHooks": [],
      "tests": [],
      "suites": [
        {
          "uuid": "65a23d40-2ac1-4700-956a-b19067ef0609",
          "title": "Regression test suite",
          "fullFile": "",
          "file": "",
          "beforeHooks": [],
          "afterHooks": [],
          "tests": [
            {
              "title": "Click through pages",
              "fullTitle": "Regression test suite Click through pages",
              "timedOut": null,
              "duration": 2708,
              "state": "passed",
              "speed": "slow",
              "pass": true,
              "fail": false,
              "pending": false,
              "context": null,
              "code": "//loginFuncs.performValidLogin(cy, targets.username,  targets.password, targets.firstConfContent)\ndashboardFuncs.checkRoomsBtn(cy, targets.label1);\nroomsFuncs.goBack(cy, targets.firstConfContent);\ndashboardFuncs.checkClientsBtn(cy, targets.label3);\nclientsFuncs.goBack(cy, targets.firstConfContent);\ndashboardFuncs.checkBillsBtn(cy, targets.label6);\nbillsFuncs.goBack(cy, targets.firstConfContent);\ndashboardFuncs.checkReservationsBtn(cy, targets.label7);\nreservFuncs.goBack(cy, targets.firstConfContent); // dashboardFuncs.logout(cy, targets.secondConfContent)",
              "err": {},
              "uuid": "d92d9743-bbba-4979-9e5d-63f12fbcc161",
              "parentUUID": "65a23d40-2ac1-4700-956a-b19067ef0609",
              "isHook": false,
              "skipped": false
            },
            {
              "title": "Create New Room",
              "fullTitle": "Regression test suite Create New Room",
              "timedOut": null,
              "duration": 3078,
              "state": "passed",
              "speed": "slow",
              "pass": true,
              "fail": false,
              "pending": false,
              "context": null,
              "code": "//loginFuncs.performValidLogin(cy, targets.username,  targets.password, targets.firstConfContent)\ndashboardFuncs.checkRoomsBtn(cy, targets.label1);\nroomsFuncs.createRoom(cy, targets.label2);\nnewRoomFunc.createNewRoom(cy, _faker[\"default\"].random.number(1100), _faker[\"default\"].random.number(10), _faker[\"default\"].random.number(), targets.label1);\nroomsFuncs.goBack(cy, targets.firstConfContent); //dashboardFuncs.logout(cy, targets.secondConfContent)",
              "err": {},
              "uuid": "122be0ca-9f6c-4cc4-9cb2-bb4f2e1ac420",
              "parentUUID": "65a23d40-2ac1-4700-956a-b19067ef0609",
              "isHook": false,
              "skipped": false
            },
            {
              "title": "Create New Client",
              "fullTitle": "Regression test suite Create New Client",
              "timedOut": null,
              "duration": 3271,
              "state": "passed",
              "speed": "slow",
              "pass": true,
              "fail": false,
              "pending": false,
              "context": null,
              "code": "//loginFuncs.performValidLogin(cy, targets.username,  targets.password, targets.firstConfContent)\ndashboardFuncs.checkClientsBtn(cy, targets.label3);\nclientsFuncs.createClient(cy, targets.label4);\nnewClientFunc.createNewClient(cy, _faker[\"default\"].name.findName(), _faker[\"default\"].internet.email(), _faker[\"default\"].phone.phoneNumber(), targets.label3);\nclientsFuncs.goBack(cy, targets.firstConfContent); //dashboardFuncs.logout(cy, targets.secondConfContent)",
              "err": {},
              "uuid": "47440134-ab16-4f49-87f0-6764c9bdcc69",
              "parentUUID": "65a23d40-2ac1-4700-956a-b19067ef0609",
              "isHook": false,
              "skipped": false
            },
            {
              "title": "Delete client",
              "fullTitle": "Regression test suite Delete client",
              "timedOut": null,
              "duration": 2064,
              "state": "passed",
              "speed": "slow",
              "pass": true,
              "fail": false,
              "pending": false,
              "context": null,
              "code": "//loginFuncs.performValidLogin(cy, targets.username, targets.password, targets.firstConfContent)\ndashboardFuncs.checkClientsBtn(cy, targets.label3);\nclientsFuncs.deleteNewestClient(cy);\nclientsFuncs.goBack(cy, targets.firstConfContent); //dashboardFuncs.logout(cy, targets.secondConfContent)",
              "err": {},
              "uuid": "a2b0f9f1-8904-46d6-9d4b-ebf932015660",
              "parentUUID": "65a23d40-2ac1-4700-956a-b19067ef0609",
              "isHook": false,
              "skipped": false
            },
            {
              "title": "Change status of bill",
              "fullTitle": "Regression test suite Change status of bill",
              "timedOut": null,
              "duration": 2148,
              "state": "passed",
              "speed": "slow",
              "pass": true,
              "fail": false,
              "pending": false,
              "context": null,
              "code": "dashboardFuncs.checkBillsBtn(cy, targets.label6);\nbillsFuncs.editBill(cy, targets.label5);\neditBillsFunc.payBill(cy, targets.label6);\nbillsFuncs.goBack(cy, targets.firstConfContent);",
              "err": {},
              "uuid": "ce359ce9-bd58-48c8-b437-424a29d801b2",
              "parentUUID": "65a23d40-2ac1-4700-956a-b19067ef0609",
              "isHook": false,
              "skipped": false
            },
            {
              "title": "Create reservation",
              "fullTitle": "Regression test suite Create reservation",
              "timedOut": null,
              "duration": 3504,
              "state": "passed",
              "speed": "slow",
              "pass": true,
              "fail": false,
              "pending": false,
              "context": null,
              "code": "dashboardFuncs.checkReservationsBtn(cy, targets.label7);\nreservFuncs.createRes(cy, targets.label8);\nnewResFunc.createNewRes(cy, _faker[\"default\"].date.recent().toISOString(), _faker[\"default\"].date.soon().toISOString(), targets.label7);\nreservFuncs.goBack(cy, targets.firstConfContent);",
              "err": {},
              "uuid": "26573aea-eae7-42ac-ac5a-ce3d92223fc5",
              "parentUUID": "65a23d40-2ac1-4700-956a-b19067ef0609",
              "isHook": false,
              "skipped": false
            },
            {
              "title": "Delete reservation",
              "fullTitle": "Regression test suite Delete reservation",
              "timedOut": null,
              "duration": 2159,
              "state": "passed",
              "speed": "slow",
              "pass": true,
              "fail": false,
              "pending": false,
              "context": null,
              "code": "dashboardFuncs.checkReservationsBtn(cy, targets.label7);\nreservFuncs.deleteReservation(cy);\nreservFuncs.goBack(cy, targets.firstConfContent);",
              "err": {},
              "uuid": "65e03b88-923c-4d23-b5a5-9a2e9b3f6637",
              "parentUUID": "65a23d40-2ac1-4700-956a-b19067ef0609",
              "isHook": false,
              "skipped": false
            }
          ],
          "suites": [],
          "passes": [
            "d92d9743-bbba-4979-9e5d-63f12fbcc161",
            "122be0ca-9f6c-4cc4-9cb2-bb4f2e1ac420",
            "47440134-ab16-4f49-87f0-6764c9bdcc69",
            "a2b0f9f1-8904-46d6-9d4b-ebf932015660",
            "ce359ce9-bd58-48c8-b437-424a29d801b2",
            "26573aea-eae7-42ac-ac5a-ce3d92223fc5",
            "65e03b88-923c-4d23-b5a5-9a2e9b3f6637"
          ],
          "failures": [],
          "pending": [],
          "skipped": [],
          "duration": 18932,
          "root": false,
          "rootEmpty": false,
          "_timeout": 2000
        }
      ],
      "passes": [],
      "failures": [],
      "pending": [],
      "skipped": [],
      "duration": 0,
      "root": true,
      "rootEmpty": true,
      "_timeout": 2000
    }
  ],
  "meta": {
    "mocha": {
      "version": "7.0.1"
    },
    "mochawesome": {
      "options": {
        "quiet": false,
        "reportFilename": "mochawesome",
        "saveHtml": true,
        "saveJson": true,
        "consoleReporter": "spec",
        "useInlineDiffs": false,
        "code": true
      },
      "version": "6.1.1"
    },
    "marge": {
      "options": null,
      "version": "5.1.0"
    }
  }
}