{
  "stats": {
    "suites": 1,
    "tests": 7,
    "passes": 7,
    "pending": 0,
    "failures": 0,
    "start": "2020-10-29T14:39:55.686Z",
    "end": "2020-10-29T14:40:15.465Z",
    "duration": 19779,
    "testsRegistered": 7,
    "passPercent": 100,
    "pendingPercent": 0,
    "other": 0,
    "hasOther": false,
    "skipped": 0,
    "hasSkipped": false
  },
  "results": [
    {
      "uuid": "66368c26-4102-4aea-a6ef-26dadb263e76",
      "title": "",
      "fullFile": "cypress/integration/testsuite.spec.js",
      "file": "cypress/integration/testsuite.spec.js",
      "beforeHooks": [],
      "afterHooks": [],
      "tests": [],
      "suites": [
        {
          "uuid": "d8854da7-3933-46c6-942f-19e20c989bb5",
          "title": "Regression test suite",
          "fullFile": "",
          "file": "",
          "beforeHooks": [],
          "afterHooks": [],
          "tests": [
            {
              "title": "Click through pages",
              "fullTitle": "Regression test suite Click through pages",
              "timedOut": null,
              "duration": 2615,
              "state": "passed",
              "speed": "slow",
              "pass": true,
              "fail": false,
              "pending": false,
              "context": null,
              "code": "//loginFuncs.performValidLogin(cy, targets.username,  targets.password, targets.firstConfContent)\ndashboardFuncs.checkRoomsBtn(cy, 'Rooms');\nroomsFuncs.goBack(cy, targets.firstConfContent);\ndashboardFuncs.checkClientsBtn(cy, 'Clients');\nclientsFuncs.goBack(cy, targets.firstConfContent);\ndashboardFuncs.checkBillsBtn(cy, 'Bills');\nbillsFuncs.goBack(cy, targets.firstConfContent);\ndashboardFuncs.checkReservationsBtn(cy, 'Reservations');\nreservFuncs.goBack(cy, targets.firstConfContent); // dashboardFuncs.logout(cy, targets.secondConfContent)",
              "err": {},
              "uuid": "c490dec9-074e-4d42-b829-89f75f74f156",
              "parentUUID": "d8854da7-3933-46c6-942f-19e20c989bb5",
              "isHook": false,
              "skipped": false
            },
            {
              "title": "Create New Room",
              "fullTitle": "Regression test suite Create New Room",
              "timedOut": null,
              "duration": 3220,
              "state": "passed",
              "speed": "slow",
              "pass": true,
              "fail": false,
              "pending": false,
              "context": null,
              "code": "//loginFuncs.performValidLogin(cy, targets.username,  targets.password, targets.firstConfContent)\ndashboardFuncs.checkRoomsBtn(cy, targets.label1);\nroomsFuncs.createRoom(cy, targets.label2);\nnewRoomFunc.createNewRoom(cy, targets.label1);\nroomsFuncs.goBack(cy, targets.firstConfContent); //dashboardFuncs.logout(cy, targets.secondConfContent)",
              "err": {},
              "uuid": "cd89a974-72b7-4310-b7a4-03861ed782f5",
              "parentUUID": "d8854da7-3933-46c6-942f-19e20c989bb5",
              "isHook": false,
              "skipped": false
            },
            {
              "title": "Create New Client",
              "fullTitle": "Regression test suite Create New Client",
              "timedOut": null,
              "duration": 2798,
              "state": "passed",
              "speed": "slow",
              "pass": true,
              "fail": false,
              "pending": false,
              "context": null,
              "code": "//loginFuncs.performValidLogin(cy, targets.username,  targets.password, targets.firstConfContent)\ndashboardFuncs.checkClientsBtn(cy, targets.label3);\nclientsFuncs.createClient(cy, targets.label4);\nnewClientFunc.createNewClient(cy, targets.label3);\nclientsFuncs.goBack(cy, targets.firstConfContent); //dashboardFuncs.logout(cy, targets.secondConfContent)",
              "err": {},
              "uuid": "3cd48574-a34e-410f-8012-faa517d1da76",
              "parentUUID": "d8854da7-3933-46c6-942f-19e20c989bb5",
              "isHook": false,
              "skipped": false
            },
            {
              "title": "Delete client",
              "fullTitle": "Regression test suite Delete client",
              "timedOut": null,
              "duration": 1961,
              "state": "passed",
              "speed": "slow",
              "pass": true,
              "fail": false,
              "pending": false,
              "context": null,
              "code": "//loginFuncs.performValidLogin(cy, targets.username, targets.password, targets.firstConfContent)\ndashboardFuncs.checkClientsBtn(cy, targets.label3);\nclientsFuncs.deleteNewestClient(cy);\nclientsFuncs.goBack(cy, targets.firstConfContent); //dashboardFuncs.logout(cy, targets.secondConfContent)",
              "err": {},
              "uuid": "ed2e8d85-4560-499c-ab66-b8f8e4d1f3da",
              "parentUUID": "d8854da7-3933-46c6-942f-19e20c989bb5",
              "isHook": false,
              "skipped": false
            },
            {
              "title": "Change bill to paid",
              "fullTitle": "Regression test suite Change bill to paid",
              "timedOut": null,
              "duration": 2286,
              "state": "passed",
              "speed": "slow",
              "pass": true,
              "fail": false,
              "pending": false,
              "context": null,
              "code": "dashboardFuncs.checkBillsBtn(cy, targets.label6);\nbillsFuncs.editBill(cy, targets.label5);\neditBillsFunc.payBill(cy, targets.label6);\nbillsFuncs.goBack(cy, targets.firstConfContent);",
              "err": {},
              "uuid": "fb1d80d1-a2ba-457a-90a3-945249966a35",
              "parentUUID": "d8854da7-3933-46c6-942f-19e20c989bb5",
              "isHook": false,
              "skipped": false
            },
            {
              "title": "Create reservation",
              "fullTitle": "Regression test suite Create reservation",
              "timedOut": null,
              "duration": 3037,
              "state": "passed",
              "speed": "slow",
              "pass": true,
              "fail": false,
              "pending": false,
              "context": null,
              "code": "dashboardFuncs.checkReservationsBtn(cy, targets.label7);\nreservFuncs.createRes(cy, 'New Reservation');\nnewResFunc.createNewRes(cy, '2020-12-20', '2020-12-25', 'Reservations');\nreservFuncs.goBack(cy, targets.firstConfContent);",
              "err": {},
              "uuid": "9e7bd71e-a3ca-4b0f-a3e2-61229a489de1",
              "parentUUID": "d8854da7-3933-46c6-942f-19e20c989bb5",
              "isHook": false,
              "skipped": false
            },
            {
              "title": "Delete reservation",
              "fullTitle": "Regression test suite Delete reservation",
              "timedOut": null,
              "duration": 1961,
              "state": "passed",
              "speed": "slow",
              "pass": true,
              "fail": false,
              "pending": false,
              "context": null,
              "code": "dashboardFuncs.checkReservationsBtn(cy, targets.label7);\nreservFuncs.deleteReservation(cy);\nreservFuncs.goBack(cy, targets.firstConfContent);",
              "err": {},
              "uuid": "403021b0-7928-4985-a64e-9f61cc0d11e6",
              "parentUUID": "d8854da7-3933-46c6-942f-19e20c989bb5",
              "isHook": false,
              "skipped": false
            }
          ],
          "suites": [],
          "passes": [
            "c490dec9-074e-4d42-b829-89f75f74f156",
            "cd89a974-72b7-4310-b7a4-03861ed782f5",
            "3cd48574-a34e-410f-8012-faa517d1da76",
            "ed2e8d85-4560-499c-ab66-b8f8e4d1f3da",
            "fb1d80d1-a2ba-457a-90a3-945249966a35",
            "9e7bd71e-a3ca-4b0f-a3e2-61229a489de1",
            "403021b0-7928-4985-a64e-9f61cc0d11e6"
          ],
          "failures": [],
          "pending": [],
          "skipped": [],
          "duration": 17878,
          "root": false,
          "rootEmpty": false,
          "_timeout": 2000
        }
      ],
      "passes": [],
      "failures": [],
      "pending": [],
      "skipped": [],
      "duration": 0,
      "root": true,
      "rootEmpty": true,
      "_timeout": 2000
    }
  ],
  "meta": {
    "mocha": {
      "version": "7.0.1"
    },
    "mochawesome": {
      "options": {
        "quiet": false,
        "reportFilename": "mochawesome",
        "saveHtml": true,
        "saveJson": true,
        "consoleReporter": "spec",
        "useInlineDiffs": false,
        "code": true
      },
      "version": "6.1.1"
    },
    "marge": {
      "options": null,
      "version": "5.1.0"
    }
  }
}